2023-10-10 14:00:45,755 - F:\webshell检测\AMWD_2022_WEBSHELL\online_version\dist\php.py[line:166] - INFO: 提取特征中
2023-10-10 14:02:57,307 - F:\webshell检测\AMWD_2022_WEBSHELL\online_version\dist\php.py[line:176] - INFO: 特征提取完毕
2023-10-10 14:02:57,308 - F:\webshell检测\AMWD_2022_WEBSHELL\online_version\dist\php.py[line:186] - INFO: 预测结果ing
2023-10-10 14:03:01,226 - F:\webshell检测\AMWD_2022_WEBSHELL\online_version\dist\php.py[line:204] - INFO: 预测结果完毕
2023-10-10 14:03:01,227 - F:\webshell检测\AMWD_2022_WEBSHELL\online_version\dist\php.py[line:205] - INFO: 结果已保存至:../result/res_php.csv
2023-10-10 14:03:01,320 - F:\webshell检测\AMWD_2022_WEBSHELL\online_version\dist\jsp.py[line:87] - INFO: 加载模型ing
2023-10-10 14:03:01,744 - F:\webshell检测\AMWD_2022_WEBSHELL\online_version\dist\jsp.py[line:89] - INFO: 加载模型完毕
2023-10-10 14:03:01,745 - F:\webshell检测\AMWD_2022_WEBSHELL\online_version\dist\jsp.py[line:32] - INFO: 预测结果ing
2023-10-10 14:03:41,656 - F:\webshell检测\AMWD_2022_WEBSHELL\online_version\dist\jsp.py[line:72] - INFO: 预测结果完毕
2023-10-10 14:03:41,656 - F:\webshell检测\AMWD_2022_WEBSHELL\online_version\dist\jsp.py[line:73] - INFO: 结果已保存至:../result/res_jsp.csv
2023-10-10 14:12:01,752 - F:\webshell检测\AMWD_2022_WEBSHELL\online_version\dist\php.py[line:166] - INFO: 提取特征中
2023-10-10 14:14:05,626 - F:\webshell检测\AMWD_2022_WEBSHELL\online_version\dist\php.py[line:166] - INFO: 提取特征中
2023-10-10 14:15:50,464 - F:\webshell检测\AMWD_2022_WEBSHELL\online_version\dist\php.py[line:176] - INFO: 特征提取完毕
2023-10-10 14:15:50,467 - F:\webshell检测\AMWD_2022_WEBSHELL\online_version\dist\php.py[line:186] - INFO: 预测结果ing
2023-10-10 14:16:46,337 - F:\webshell检测\AMWD_2022_WEBSHELL\online_version\dist\php.py[line:166] - INFO: 提取特征中
2023-10-10 14:18:16,854 - F:\webshell检测\AMWD_2022_WEBSHELL\online_version\dist\php.py[line:176] - INFO: 特征提取完毕
2023-10-10 14:18:16,855 - F:\webshell检测\AMWD_2022_WEBSHELL\online_version\dist\php.py[line:186] - INFO: 预测结果ing
2023-10-10 14:18:19,333 - F:\webshell检测\AMWD_2022_WEBSHELL\online_version\dist\php.py[line:204] - INFO: 预测结果完毕
2023-10-10 14:18:19,333 - F:\webshell检测\AMWD_2022_WEBSHELL\online_version\dist\php.py[line:205] - INFO: 结果已保存至:../result/res_php.csv
2023-10-10 14:18:19,390 - F:\webshell检测\AMWD_2022_WEBSHELL\online_version\dist\jsp.py[line:87] - INFO: 加载模型ing
2023-10-10 14:18:19,636 - F:\webshell检测\AMWD_2022_WEBSHELL\online_version\dist\jsp.py[line:89] - INFO: 加载模型完毕
2023-10-10 14:18:19,636 - F:\webshell检测\AMWD_2022_WEBSHELL\online_version\dist\jsp.py[line:32] - INFO: 预测结果ing
2023-10-10 14:18:52,720 - F:\webshell检测\AMWD_2022_WEBSHELL\online_version\dist\jsp.py[line:72] - INFO: 预测结果完毕
2023-10-10 14:18:52,720 - F:\webshell检测\AMWD_2022_WEBSHELL\online_version\dist\jsp.py[line:73] - INFO: 结果已保存至:../result/res_jsp.csv
